<?xml version="1.0" encoding="UTF-8"?>
<testng-results ignored="0" total="1" passed="1" failed="0" skipped="0">
  <reporter-output>
  </reporter-output>
  <suite started-at="2025-05-30T17:51:40 IST" name="Default suite" finished-at="2025-05-30T17:51:41 IST" duration-ms="1441">
    <groups>
    </groups>
    <test started-at="2025-05-30T17:51:40 IST" name="Default test" finished-at="2025-05-30T17:51:41 IST" duration-ms="1441">
      <class name="restAssured.DeleteMethodForProduct">
        <test-method signature="postUsers()[pri:0, instance:restAssured.DeleteMethodForProduct@747ddf94]" started-at="2025-05-30T17:51:40 IST" name="postUsers" finished-at="2025-05-30T17:51:41 IST" duration-ms="1412" status="PASS">
          <reporter-output>
          </reporter-output>
        </test-method> <!-- postUsers -->
      </class> <!-- restAssured.DeleteMethodForProduct -->
    </test> <!-- Default test -->
  </suite> <!-- Default suite -->
</testng-results>
